<?xml version="1.0" encoding="UTF-8"?>
<testsuites name="jest tests" tests="159" failures="4" errors="0" time="90.547">
  <testsuite name="Workflow Tests" errors="0" failures="0" skipped="0" timestamp="2025-07-01T15:43:48" time="8.397" tests="1">
    <testcase classname="Workflow Tests should run workflows" name="Workflow Tests should run workflows" time="0.52">
    </testcase>
  </testsuite>
  <testsuite name="Expose Request Tests" errors="0" failures="0" skipped="0" timestamp="2025-07-01T15:43:56" time="0.556" tests="7">
    <testcase classname="Expose Request Tests should expose request gpt4" name="Expose Request Tests should expose request gpt4" time="0.004">
    </testcase>
    <testcase classname="Expose Request Tests should expose request gemini" name="Expose Request Tests should expose request gemini" time="0.003">
    </testcase>
    <testcase classname="Expose Request Tests should expose request fallback" name="Expose Request Tests should expose request fallback" time="0.004">
    </testcase>
    <testcase classname="Expose Request Tests should expose request round robin" name="Expose Request Tests should expose request round robin" time="0.002">
    </testcase>
    <testcase classname="Expose Request Tests should expose request gpt4 sync" name="Expose Request Tests should expose request gpt4 sync" time="0.002">
    </testcase>
    <testcase classname="Expose Request Tests should expose request gpt4 stream" name="Expose Request Tests should expose request gpt4 stream" time="0.002">
    </testcase>
    <testcase classname="Expose Request Tests should expose request gpt4 stream sync" name="Expose Request Tests should expose request gpt4 stream sync" time="0.001">
    </testcase>
  </testsuite>
  <testsuite name="Tracing Tests" errors="0" failures="0" skipped="0" timestamp="2025-07-01T15:43:48" time="11.477" tests="3">
    <testcase classname="Tracing Tests Sync Tracing supports tracing sync" name="Tracing Tests Sync Tracing supports tracing sync" time="0.046">
    </testcase>
    <testcase classname="Tracing Tests Async Tracing supports tracing async" name="Tracing Tests Async Tracing supports tracing async" time="2.199">
    </testcase>
    <testcase classname="Tracing Tests Events should work with &apos;onLogEvent&apos;" name="Tracing Tests Events should work with &apos;onLogEvent&apos;" time="1.402">
    </testcase>
  </testsuite>
  <testsuite name="With Options Tests" errors="0" failures="0" skipped="0" timestamp="2025-07-01T15:43:48" time="11.764" tests="3">
    <testcase classname="With Options Tests should test with options logger async call" name="With Options Tests should test with options logger async call" time="1.777">
    </testcase>
    <testcase classname="With Options Tests should test with options logger sync" name="With Options Tests should test with options logger sync" time="0.933">
    </testcase>
    <testcase classname="With Options Tests should test with options logger async stream" name="With Options Tests should test with options logger async stream" time="0.965">
    </testcase>
  </testsuite>
  <testsuite name="Expose Parser Tests" errors="0" failures="0" skipped="0" timestamp="2025-07-01T15:44:00" time="0.574" tests="4">
    <testcase classname="Expose Parser Tests should expose parser" name="Expose Parser Tests should expose parser" time="0.014">
    </testcase>
    <testcase classname="Expose Parser Tests should expose parser sync" name="Expose Parser Tests should expose parser sync" time="0.014">
    </testcase>
    <testcase classname="Expose Parser Tests should expose stream parser" name="Expose Parser Tests should expose stream parser" time="0.004">
    </testcase>
    <testcase classname="Expose Parser Tests should expose stream parser sync" name="Expose Parser Tests should expose stream parser sync" time="0.004">
    </testcase>
  </testsuite>
  <testsuite name="Retry Policies" errors="0" failures="0" skipped="0" timestamp="2025-07-01T15:43:48" time="12.94" tests="3">
    <testcase classname="Retry Policies works with retries1" name="Retry Policies works with retries1" time="1.001">
    </testcase>
    <testcase classname="Retry Policies works with retries2" name="Retry Policies works with retries2" time="2.031">
    </testcase>
    <testcase classname="Retry Policies works with fallbacks" name="Retry Policies works with fallbacks" time="1.927">
    </testcase>
  </testsuite>
  <testsuite name="Vertex Provider" errors="0" failures="0" skipped="0" timestamp="2025-07-01T15:43:48" time="13.716" tests="2">
    <testcase classname="Vertex Provider should support vertex" name="Vertex Provider should support vertex" time="3.009">
    </testcase>
    <testcase classname="Vertex Provider should support vertex with system_instructions" name="Vertex Provider should support vertex with system_instructions" time="2.883">
    </testcase>
  </testsuite>
  <testsuite name="Azure Provider" errors="0" failures="1" skipped="0" timestamp="2025-07-01T15:43:48" time="14.236" tests="7">
    <testcase classname="Azure Provider should support azure with default max_tokens" name="Azure Provider should support azure with default max_tokens" time="0.762">
    </testcase>
    <testcase classname="Azure Provider should support o1 model without max_tokens" name="Azure Provider should support o1 model without max_tokens" time="1.624">
    </testcase>
    <testcase classname="Azure Provider should fail when setting max_tokens for o1 model" name="Azure Provider should fail when setting max_tokens for o1 model" time="0.565">
    </testcase>
    <testcase classname="Azure Provider should support non-o1 model with explicit max_tokens" name="Azure Provider should support non-o1 model with explicit max_tokens" time="0.643">
    </testcase>
    <testcase classname="Azure Provider should support o1 model with explicit max_completion_tokens" name="Azure Provider should support o1 model with explicit max_completion_tokens" time="1.861">
      <failure>Error: expect(received).toContain(expected) // indexOf

Expected substring: &quot;donkey&quot;
Received string:    &quot;bananas clink loud,··
kong leaps through the cityscape,··
arcade lights aglow.&quot;
    at Object.&lt;anonymous&gt; (/Users/vbv/repos/baml/integ-tests/typescript/tests/providers/azure.test.ts:29:31)</failure>
    </testcase>
    <testcase classname="Azure Provider should fail if azure is not configured correctly" name="Azure Provider should fail if azure is not configured correctly" time="0.09">
    </testcase>
    <testcase classname="Azure Provider should support azure streaming" name="Azure Provider should support azure streaming" time="0.71">
    </testcase>
  </testsuite>
  <testsuite name="Map tests" errors="0" failures="0" skipped="0" timestamp="2025-07-01T15:44:01" time="1.195" tests="1">
    <testcase classname="Map tests enum key in map" name="Map tests enum key in map" time="0.57">
    </testcase>
  </testsuite>
  <testsuite name="Gemini Provider" errors="0" failures="0" skipped="0" timestamp="2025-07-01T15:43:48" time="15.387" tests="2">
    <testcase classname="Gemini Provider Streaming should support streaming in Gemini" name="Gemini Provider Streaming should support streaming in Gemini" time="5.067">
    </testcase>
    <testcase classname="Gemini Provider system message should support system_instructions in Gemini" name="Gemini Provider system message should support system_instructions in Gemini" time="2.317">
    </testcase>
  </testsuite>
  <testsuite name="Prompt Renderer Tests" errors="0" failures="0" skipped="0" timestamp="2025-07-01T15:43:59" time="4.462" tests="5">
    <testcase classname="Prompt Renderer Tests should use aliases when serializing input objects - classes" name="Prompt Renderer Tests should use aliases when serializing input objects - classes" time="1.177">
    </testcase>
    <testcase classname="Prompt Renderer Tests should use aliases when serializing, but still have original keys in jinja" name="Prompt Renderer Tests should use aliases when serializing, but still have original keys in jinja" time="0.894">
    </testcase>
    <testcase classname="Prompt Renderer Tests should use aliases when serializing input objects - enums" name="Prompt Renderer Tests should use aliases when serializing input objects - enums" time="0.509">
    </testcase>
    <testcase classname="Prompt Renderer Tests should use aliases when serializing input objects - lists" name="Prompt Renderer Tests should use aliases when serializing input objects - lists" time="1.048">
    </testcase>
    <testcase classname="Prompt Renderer Tests maintain field order" name="Prompt Renderer Tests maintain field order" time="0.002">
    </testcase>
  </testsuite>
  <testsuite name="AWS Provider" errors="0" failures="1" skipped="0" timestamp="2025-07-01T15:43:48" time="17.973" tests="19">
    <testcase classname="AWS Provider should support AWS - basic" name="AWS Provider should support AWS - basic" time="0.524">
    </testcase>
    <testcase classname="AWS Provider should handle invalid AWS region gracefully" name="AWS Provider should handle invalid AWS region gracefully" time="2.28">
    </testcase>
    <testcase classname="AWS Provider should allow overriding the region" name="AWS Provider should allow overriding the region" time="0.934">
    </testcase>
    <testcase classname="AWS Provider should handle invalid AWS profile gracefully" name="AWS Provider should handle invalid AWS profile gracefully" time="0.435">
      <failure>Error: expect(received).rejects.toMatchObject()

Received promise resolved instead of rejected
Resolved to value: &quot;·
In a small town, Dr. Pepper&apos;s unique flavor brought joy to the community&apos;s taste buds.&quot;
    at expect (/Users/vbv/repos/baml/integ-tests/typescript/node_modules/.pnpm/expect@29.7.0/node_modules/expect/build/index.js:113:15)
    at Object.&lt;anonymous&gt; (/Users/vbv/repos/baml/integ-tests/typescript/tests/providers/aws.test.ts:30:11)
    at Promise.then.completed (/Users/vbv/repos/baml/integ-tests/typescript/node_modules/.pnpm/jest-circus@29.7.0/node_modules/jest-circus/build/utils.js:298:28)
    at new Promise (&lt;anonymous&gt;)
    at callAsyncCircusFn (/Users/vbv/repos/baml/integ-tests/typescript/node_modules/.pnpm/jest-circus@29.7.0/node_modules/jest-circus/build/utils.js:231:10)
    at _callCircusTest (/Users/vbv/repos/baml/integ-tests/typescript/node_modules/.pnpm/jest-circus@29.7.0/node_modules/jest-circus/build/run.js:316:40)
    at _runTest (/Users/vbv/repos/baml/integ-tests/typescript/node_modules/.pnpm/jest-circus@29.7.0/node_modules/jest-circus/build/run.js:252:3)
    at _runTestsForDescribeBlock (/Users/vbv/repos/baml/integ-tests/typescript/node_modules/.pnpm/jest-circus@29.7.0/node_modules/jest-circus/build/run.js:126:9)
    at _runTestsForDescribeBlock (/Users/vbv/repos/baml/integ-tests/typescript/node_modules/.pnpm/jest-circus@29.7.0/node_modules/jest-circus/build/run.js:121:9)
    at run (/Users/vbv/repos/baml/integ-tests/typescript/node_modules/.pnpm/jest-circus@29.7.0/node_modules/jest-circus/build/run.js:71:3)
    at runAndTransformResultsToJestFormat (/Users/vbv/repos/baml/integ-tests/typescript/node_modules/.pnpm/jest-circus@29.7.0/node_modules/jest-circus/build/legacy-code-todo-rewrite/jestAdapterInit.js:122:21)
    at jestAdapter (/Users/vbv/repos/baml/integ-tests/typescript/node_modules/.pnpm/jest-circus@29.7.0/node_modules/jest-circus/build/legacy-code-todo-rewrite/jestAdapter.js:79:19)
    at runTestInternal (/Users/vbv/repos/baml/integ-tests/typescript/node_modules/.pnpm/jest-runner@29.7.0/node_modules/jest-runner/build/runTest.js:367:16)
    at runTest (/Users/vbv/repos/baml/integ-tests/typescript/node_modules/.pnpm/jest-runner@29.7.0/node_modules/jest-runner/build/runTest.js:444:34)
    at Object.worker (/Users/vbv/repos/baml/integ-tests/typescript/node_modules/.pnpm/jest-runner@29.7.0/node_modules/jest-runner/build/testWorker.js:106:12)</failure>
    </testcase>
    <testcase classname="AWS Provider should handle invalid AWS access key gracefully" name="AWS Provider should handle invalid AWS access key gracefully" time="0.164">
    </testcase>
    <testcase classname="AWS Provider Streaming should support streaming in AWS" name="AWS Provider Streaming should support streaming in AWS" time="0.507">
    </testcase>
    <testcase classname="AWS Provider Dynamic Client Registry Credential Resolution should handle session credentials correctly" name="AWS Provider Dynamic Client Registry Credential Resolution should handle session credentials correctly" time="0.567">
    </testcase>
    <testcase classname="AWS Provider Dynamic Client Registry Credential Resolution should require region in all environments" name="AWS Provider Dynamic Client Registry Credential Resolution should require region in all environments" time="0.068">
    </testcase>
    <testcase classname="AWS Provider Dynamic Client Registry Credential Resolution should throw error when region is empty or AWS_REGION is unset" name="AWS Provider Dynamic Client Registry Credential Resolution should throw error when region is empty or AWS_REGION is unset" time="0.075">
    </testcase>
    <testcase classname="AWS Provider Dynamic Client Registry should support dynamic client configuration" name="AWS Provider Dynamic Client Registry should support dynamic client configuration" time="0.356">
    </testcase>
    <testcase classname="AWS Provider Dynamic Client Registry should support AWS credentials configuration" name="AWS Provider Dynamic Client Registry should support AWS credentials configuration" time="0.069">
    </testcase>
    <testcase classname="AWS Provider Dynamic Client Registry should support AWS profile configuration" name="AWS Provider Dynamic Client Registry should support AWS profile configuration" time="0.364">
    </testcase>
    <testcase classname="AWS Provider Dynamic Client Registry should support both model and model_id parameters" name="AWS Provider Dynamic Client Registry should support both model and model_id parameters" time="0.97">
    </testcase>
    <testcase classname="AWS Provider Dynamic Client Registry should handle invalid configuration gracefully" name="AWS Provider Dynamic Client Registry should handle invalid configuration gracefully" time="0.946">
    </testcase>
    <testcase classname="AWS Provider Dynamic Client Registry should handle non-existent model gracefully" name="AWS Provider Dynamic Client Registry should handle non-existent model gracefully" time="0.073">
    </testcase>
    <testcase classname="AWS Provider Dynamic Client Registry should throw error when using temporary credentials without session token" name="AWS Provider Dynamic Client Registry should throw error when using temporary credentials without session token" time="0.248">
    </testcase>
    <testcase classname="AWS Provider Dynamic Client Registry should throw error when region is not provided" name="AWS Provider Dynamic Client Registry should throw error when region is not provided" time="0.002">
    </testcase>
    <testcase classname="AWS Provider Dynamic Client Registry should throw error when using invalid profile" name="AWS Provider Dynamic Client Registry should throw error when using invalid profile" time="0.002">
    </testcase>
    <testcase classname="AWS Provider Dynamic Client Registry should support both AWS_REGION and AWS_DEFAULT_REGION environment variables" name="AWS Provider Dynamic Client Registry should support both AWS_REGION and AWS_DEFAULT_REGION environment variables" time="1.109">
    </testcase>
  </testsuite>
  <testsuite name="Anthropic Provider" errors="0" failures="0" skipped="0" timestamp="2025-07-01T15:43:48" time="18.833" tests="3">
    <testcase classname="Anthropic Provider should support anthropic shorthand" name="Anthropic Provider should support anthropic shorthand" time="2.001">
    </testcase>
    <testcase classname="Anthropic Provider Streaming should support anthropic shorthand streaming" name="Anthropic Provider Streaming should support anthropic shorthand streaming" time="1.225">
    </testcase>
    <testcase classname="Anthropic Provider Streaming should support streaming in Claude" name="Anthropic Provider Streaming should support streaming in Claude" time="7.583">
    </testcase>
  </testsuite>
  <testsuite name="Logger tests" errors="0" failures="0" skipped="0" timestamp="2025-07-01T15:44:02" time="4.789" tests="1">
    <testcase classname="Logger tests logger works as expected" name="Logger tests logger works as expected" time="4.143">
    </testcase>
  </testsuite>
  <testsuite name="Error Handling Tests" errors="0" failures="0" skipped="0" timestamp="2025-07-01T15:44:06" time="1.77" tests="5">
    <testcase classname="Error Handling Tests should raise an error for invalid argument types" name="Error Handling Tests should raise an error for invalid argument types" time="0.002">
    </testcase>
    <testcase classname="Error Handling Tests should raise an error for invalid client configuration" name="Error Handling Tests should raise an error for invalid client configuration" time="0.303">
    </testcase>
    <testcase classname="Error Handling Tests should raise a BAMLValidationError with proper details" name="Error Handling Tests should raise a BAMLValidationError with proper details" time="0.334">
    </testcase>
    <testcase classname="Error Handling Tests should handle client HTTP errors" name="Error Handling Tests should handle client HTTP errors" time="0.192">
    </testcase>
    <testcase classname="Error Handling Tests should raise a BamlClientHttpError with proper details" name="Error Handling Tests should raise a BamlClientHttpError with proper details" time="0.154">
    </testcase>
  </testsuite>
  <testsuite name="Literal types tests" errors="0" failures="0" skipped="0" timestamp="2025-07-01T15:44:03" time="4.561" tests="8">
    <testcase classname="Literal types tests return literal union" name="Literal types tests return literal union" time="0.437">
    </testcase>
    <testcase classname="Literal types tests single literal int" name="Literal types tests single literal int" time="0.333">
    </testcase>
    <testcase classname="Literal types tests single literal bool" name="Literal types tests single literal bool" time="0.31">
    </testcase>
    <testcase classname="Literal types tests single literal string" name="Literal types tests single literal string" time="0.505">
    </testcase>
    <testcase classname="Literal types tests single class with literal prop" name="Literal types tests single class with literal prop" time="0.465">
    </testcase>
    <testcase classname="Literal types tests single class with literal union prop" name="Literal types tests single class with literal union prop" time="0.437">
    </testcase>
    <testcase classname="Literal types tests literal string union key in map" name="Literal types tests literal string union key in map" time="0.747">
    </testcase>
    <testcase classname="Literal types tests single literal string key in map" name="Literal types tests single literal string key in map" time="0.678">
    </testcase>
  </testsuite>
  <testsuite name="Dynamic Clients" errors="0" failures="0" skipped="0" timestamp="2025-07-01T15:44:07" time="1.043" tests="1">
    <testcase classname="Dynamic Clients should work with dynamic client" name="Dynamic Clients should work with dynamic client" time="0.382">
    </testcase>
  </testsuite>
  <testsuite name="Env Vars Tests" errors="0" failures="0" skipped="0" timestamp="2025-07-01T15:44:07" time="2.065" tests="2">
    <testcase classname="Env Vars Tests should reset environment variables correctly" name="Env Vars Tests should reset environment variables correctly" time="1.308">
    </testcase>
    <testcase classname="Env Vars Tests should reflect API key changes in headers" name="Env Vars Tests should reflect API key changes in headers" time="0.005">
    </testcase>
  </testsuite>
  <testsuite name="Recursive Type Tests" errors="0" failures="0" skipped="0" timestamp="2025-07-01T15:43:57" time="12.014" tests="2">
    <testcase classname="Recursive Type Tests simple recursive type" name="Recursive Type Tests simple recursive type" time="2.616">
    </testcase>
    <testcase classname="Recursive Type Tests mutually recursive type" name="Recursive Type Tests mutually recursive type" time="8.765">
    </testcase>
  </testsuite>
  <testsuite name="Media Tests" errors="0" failures="0" skipped="0" timestamp="2025-07-01T15:44:01" time="8.552" tests="4">
    <testcase classname="Media Tests should work with image from url" name="Media Tests should work with image from url" time="0.767">
    </testcase>
    <testcase classname="Media Tests should work with image from base 64" name="Media Tests should work with image from base 64" time="1.456">
    </testcase>
    <testcase classname="Media Tests should work with audio base 64" name="Media Tests should work with audio base 64" time="1.53">
    </testcase>
    <testcase classname="Media Tests should work with audio from url" name="Media Tests should work with audio from url" time="4.159">
    </testcase>
  </testsuite>
  <testsuite name="Type aliases tests" errors="0" failures="1" skipped="0" timestamp="2025-07-01T15:43:48" time="21.878" tests="12">
    <testcase classname="Type aliases tests primitive union alias" name="Type aliases tests primitive union alias" time="0.453">
    </testcase>
    <testcase classname="Type aliases tests map alias" name="Type aliases tests map alias" time="0.533">
    </testcase>
    <testcase classname="Type aliases tests alias union" name="Type aliases tests alias union" time="1.074">
    </testcase>
    <testcase classname="Type aliases tests alias pointing to recursive class" name="Type aliases tests alias pointing to recursive class" time="0.515">
    </testcase>
    <testcase classname="Type aliases tests class pointing to alias that points to recursive class" name="Type aliases tests class pointing to alias that points to recursive class" time="0.736">
    </testcase>
    <testcase classname="Type aliases tests recursive class with alias indirection" name="Type aliases tests recursive class with alias indirection" time="0.865">
    </testcase>
    <testcase classname="Type aliases tests merge alias attributes" name="Type aliases tests merge alias attributes" time="0.644">
    </testcase>
    <testcase classname="Type aliases tests simple recursive map alias" name="Type aliases tests simple recursive map alias" time="0.804">
    </testcase>
    <testcase classname="Type aliases tests simple recursive list alias" name="Type aliases tests simple recursive list alias" time="0.731">
    </testcase>
    <testcase classname="Type aliases tests recursive alias cycles" name="Type aliases tests recursive alias cycles" time="0.462">
      <failure>Error: expect(received).toEqual(expected) // deep equality

- Expected  - 7
+ Received  + 1

- Array [
-   Array [],
-   Array [],
-   Array [
-     Array [],
-   ],
- ]
+ Array []
    at Object.&lt;anonymous&gt; (/Users/vbv/repos/baml/integ-tests/typescript/tests/type-aliases.test.ts:89:17)</failure>
    </testcase>
    <testcase classname="Type aliases tests json type alias cycle" name="Type aliases tests json type alias cycle" time="5.74">
    </testcase>
    <testcase classname="Type aliases tests json type alias as class dependency" name="Type aliases tests json type alias as class dependency" time="1.289">
    </testcase>
  </testsuite>
  <testsuite name="Constraint Tests" errors="0" failures="0" skipped="0" timestamp="2025-07-01T15:44:08" time="4.247" tests="4">
    <testcase classname="Constraint Tests should handle checks in return types" name="Constraint Tests should handle checks in return types" time="1.138">
    </testcase>
    <testcase classname="Constraint Tests should handle checks in returned unions" name="Constraint Tests should handle checks in returned unions" time="0.862">
    </testcase>
    <testcase classname="Constraint Tests should handle block-level checks" name="Constraint Tests should handle block-level checks" time="0.922">
    </testcase>
    <testcase classname="Constraint Tests should handle nested-block-level checks" name="Constraint Tests should handle nested-block-level checks" time="0.698">
    </testcase>
  </testsuite>
  <testsuite name="Collector Tests" errors="0" failures="0" skipped="0" timestamp="2025-07-01T15:44:09" time="11.382" tests="7">
    <testcase classname="Collector Tests should collect logs for non-streaming calls" name="Collector Tests should collect logs for non-streaming calls" time="0.737">
    </testcase>
    <testcase classname="Collector Tests should handle streaming calls correctly" name="Collector Tests should handle streaming calls correctly" time="1.018">
    </testcase>
    <testcase classname="Collector Tests should track cumulative usage across multiple calls" name="Collector Tests should track cumulative usage across multiple calls" time="5.2">
    </testcase>
    <testcase classname="Collector Tests should support multiple collectors" name="Collector Tests should support multiple collectors" time="1.068">
    </testcase>
    <testcase classname="Collector Tests should handle parallel async calls correctly" name="Collector Tests should handle parallel async calls correctly" time="1.214">
    </testcase>
    <testcase classname="Collector Tests should handle sync calls correctly" name="Collector Tests should handle sync calls correctly" time="0.94">
    </testcase>
    <testcase classname="Collector Tests should handle multiple async calls with nested gathers" name="Collector Tests should handle multiple async calls with nested gathers" time="0.528">
    </testcase>
  </testsuite>
  <testsuite name="Dynamic Type Tests" errors="0" failures="0" skipped="0" timestamp="2025-07-01T15:44:07" time="13.182" tests="12">
    <testcase classname="Dynamic Type Tests Basic Dynamic Types should work with dynamic types single" name="Dynamic Type Tests Basic Dynamic Types should work with dynamic types single" time="2.15">
    </testcase>
    <testcase classname="Dynamic Type Tests Basic Dynamic Types should work with dynamic types enum" name="Dynamic Type Tests Basic Dynamic Types should work with dynamic types enum" time="0.72">
    </testcase>
    <testcase classname="Dynamic Type Tests Basic Dynamic Types should work with dynamic types class" name="Dynamic Type Tests Basic Dynamic Types should work with dynamic types class" time="0.581">
    </testcase>
    <testcase classname="Dynamic Type Tests Basic Dynamic Types should work with dynamic literals" name="Dynamic Type Tests Basic Dynamic Types should work with dynamic literals" time="1.186">
    </testcase>
    <testcase classname="Dynamic Type Tests Basic Dynamic Types should work with dynamic inputs class" name="Dynamic Type Tests Basic Dynamic Types should work with dynamic inputs class" time="0.711">
    </testcase>
    <testcase classname="Dynamic Type Tests Complex Dynamic Types should work with dynamic inputs list" name="Dynamic Type Tests Complex Dynamic Types should work with dynamic inputs list" time="0.668">
    </testcase>
    <testcase classname="Dynamic Type Tests Complex Dynamic Types should work with dynamic output map" name="Dynamic Type Tests Complex Dynamic Types should work with dynamic output map" time="0.783">
    </testcase>
    <testcase classname="Dynamic Type Tests Complex Dynamic Types should work with dynamic output union" name="Dynamic Type Tests Complex Dynamic Types should work with dynamic output union" time="1.346">
    </testcase>
    <testcase classname="Dynamic Type Tests Add Baml should add to existing class" name="Dynamic Type Tests Add Baml should add to existing class" time="1.279">
    </testcase>
    <testcase classname="Dynamic Type Tests Add Baml should add to existing enum" name="Dynamic Type Tests Add Baml should add to existing enum" time="0.628">
    </testcase>
    <testcase classname="Dynamic Type Tests Add Baml should add both class and enum" name="Dynamic Type Tests Add Baml should add both class and enum" time="1.506">
    </testcase>
    <testcase classname="Dynamic Type Tests Add Baml should add baml with attrs" name="Dynamic Type Tests Add Baml should add baml with attrs" time="0.949">
    </testcase>
  </testsuite>
  <testsuite name="OpenAI Provider" errors="0" failures="0" skipped="0" timestamp="2025-07-01T15:43:48" time="36.101" tests="10">
    <testcase classname="OpenAI Provider should support OpenAI shorthand" name="OpenAI Provider should support OpenAI shorthand" time="1.795">
    </testcase>
    <testcase classname="OpenAI Provider should support openai with default max_tokens" name="OpenAI Provider should support openai with default max_tokens" time="1.293">
    </testcase>
    <testcase classname="OpenAI Provider should support o1 model without max_tokens" name="OpenAI Provider should support o1 model without max_tokens" time="1.151">
    </testcase>
    <testcase classname="OpenAI Provider should fail when setting max_tokens for o1 model" name="OpenAI Provider should fail when setting max_tokens for o1 model" time="0.169">
    </testcase>
    <testcase classname="OpenAI Provider should support non-o1 model with explicit max_tokens" name="OpenAI Provider should support non-o1 model with explicit max_tokens" time="1.773">
    </testcase>
    <testcase classname="OpenAI Provider should support o1 model with explicit max_completion_tokens" name="OpenAI Provider should support o1 model with explicit max_completion_tokens" time="2.46">
    </testcase>
    <testcase classname="OpenAI Provider should support openai with null max_tokens" name="OpenAI Provider should support openai with null max_tokens" time="1.382">
    </testcase>
    <testcase classname="OpenAI Provider Streaming should support OpenAI shorthand streaming" name="OpenAI Provider Streaming should support OpenAI shorthand streaming" time="0.833">
    </testcase>
    <testcase classname="OpenAI Provider Streaming should support streaming in OpenAI" name="OpenAI Provider Streaming should support streaming in OpenAI" time="8.102">
    </testcase>
    <testcase classname="OpenAI Provider Streaming should support streaming without iterating" name="OpenAI Provider Streaming should support streaming without iterating" time="8.985">
    </testcase>
  </testsuite>
  <testsuite name="Modular API Tests" errors="0" failures="1" skipped="0" timestamp="2025-07-01T15:44:00" time="44.9" tests="6">
    <testcase classname="Modular API Tests modular openai gpt4" name="Modular API Tests modular openai gpt4" time="2.044">
    </testcase>
    <testcase classname="Modular API Tests modular anthropic claude 3 haiku" name="Modular API Tests modular anthropic claude 3 haiku" time="6.653">
    </testcase>
    <testcase classname="Modular API Tests modular google gemini" name="Modular API Tests modular google gemini" time="2.272">
    </testcase>
    <testcase classname="Modular API Tests modular openai gpt4 manual http request" name="Modular API Tests modular openai gpt4 manual http request" time="1.56">
    </testcase>
    <testcase classname="Modular API Tests modular openai gpt4 streaming" name="Modular API Tests modular openai gpt4 streaming" time="1.644">
    </testcase>
    <testcase classname="Modular API Tests openai batch api" name="Modular API Tests openai batch api" time="30.002">
      <failure>Error: thrown: &quot;Exceeded timeout of 30000 ms for a test.
Add a timeout value to this test to increase the timeout, if this is a long-running test. See https://jestjs.io/docs/api#testname-fn-timeout.&quot;
    at /Users/vbv/repos/baml/integ-tests/typescript/tests/modular.test.ts:179:3
    at _dispatchDescribe (/Users/vbv/repos/baml/integ-tests/typescript/node_modules/.pnpm/jest-circus@29.7.0/node_modules/jest-circus/build/index.js:91:26)
    at describe (/Users/vbv/repos/baml/integ-tests/typescript/node_modules/.pnpm/jest-circus@29.7.0/node_modules/jest-circus/build/index.js:55:5)
    at Object.&lt;anonymous&gt; (/Users/vbv/repos/baml/integ-tests/typescript/tests/modular.test.ts:84:1)
    at Runtime._execModule (/Users/vbv/repos/baml/integ-tests/typescript/node_modules/.pnpm/jest-runtime@29.7.0/node_modules/jest-runtime/build/index.js:1439:24)
    at Runtime._loadModule (/Users/vbv/repos/baml/integ-tests/typescript/node_modules/.pnpm/jest-runtime@29.7.0/node_modules/jest-runtime/build/index.js:1022:12)
    at Runtime.requireModule (/Users/vbv/repos/baml/integ-tests/typescript/node_modules/.pnpm/jest-runtime@29.7.0/node_modules/jest-runtime/build/index.js:882:12)
    at jestAdapter (/Users/vbv/repos/baml/integ-tests/typescript/node_modules/.pnpm/jest-circus@29.7.0/node_modules/jest-circus/build/legacy-code-todo-rewrite/jestAdapter.js:77:13)
    at processTicksAndRejections (node:internal/process/task_queues:105:5)
    at runTestInternal (/Users/vbv/repos/baml/integ-tests/typescript/node_modules/.pnpm/jest-runner@29.7.0/node_modules/jest-runner/build/runTest.js:367:16)
    at runTest (/Users/vbv/repos/baml/integ-tests/typescript/node_modules/.pnpm/jest-runner@29.7.0/node_modules/jest-runner/build/runTest.js:444:34)
    at Object.worker (/Users/vbv/repos/baml/integ-tests/typescript/node_modules/.pnpm/jest-runner@29.7.0/node_modules/jest-runner/build/testWorker.js:106:12)</failure>
    </testcase>
  </testsuite>
  <testsuite name="Basic Input/Output Tests" errors="0" failures="0" skipped="0" timestamp="2025-07-01T15:44:04" time="43.179" tests="24">
    <testcase classname="Basic Input/Output Tests Input Types single bool" name="Basic Input/Output Tests Input Types single bool" time="0.38">
    </testcase>
    <testcase classname="Basic Input/Output Tests Input Types single string list" name="Basic Input/Output Tests Input Types single string list" time="0.469">
    </testcase>
    <testcase classname="Basic Input/Output Tests Input Types single class" name="Basic Input/Output Tests Input Types single class" time="0.523">
    </testcase>
    <testcase classname="Basic Input/Output Tests Input Types multiple classes" name="Basic Input/Output Tests Input Types multiple classes" time="0.909">
    </testcase>
    <testcase classname="Basic Input/Output Tests Input Types single enum list" name="Basic Input/Output Tests Input Types single enum list" time="0.373">
    </testcase>
    <testcase classname="Basic Input/Output Tests Input Types single float" name="Basic Input/Output Tests Input Types single float" time="0.371">
    </testcase>
    <testcase classname="Basic Input/Output Tests Input Types single int" name="Basic Input/Output Tests Input Types single int" time="0.326">
    </testcase>
    <testcase classname="Basic Input/Output Tests Output Types single bool" name="Basic Input/Output Tests Output Types single bool" time="0.735">
    </testcase>
    <testcase classname="Basic Input/Output Tests Output Types single int" name="Basic Input/Output Tests Output Types single int" time="0.292">
    </testcase>
    <testcase classname="Basic Input/Output Tests Output Types single class" name="Basic Input/Output Tests Output Types single class" time="3.573">
    </testcase>
    <testcase classname="Basic Input/Output Tests Output Types single class list" name="Basic Input/Output Tests Output Types single class list" time="5.994">
    </testcase>
    <testcase classname="Basic Input/Output Tests Output Types enum list" name="Basic Input/Output Tests Output Types enum list" time="0.394">
    </testcase>
    <testcase classname="Basic Input/Output Tests Output Types single class with enum" name="Basic Input/Output Tests Output Types single class with enum" time="0.791">
    </testcase>
    <testcase classname="Basic Input/Output Tests Output Types optional list and map" name="Basic Input/Output Tests Output Types optional list and map" time="1.488">
    </testcase>
    <testcase classname="Basic Input/Output Tests Output Types single optional string" name="Basic Input/Output Tests Output Types single optional string" time="0.247">
    </testcase>
    <testcase classname="Basic Input/Output Tests Output Types single map string to string" name="Basic Input/Output Tests Output Types single map string to string" time="0.511">
    </testcase>
    <testcase classname="Basic Input/Output Tests Output Types single map string to map" name="Basic Input/Output Tests Output Types single map string to map" time="2.207">
    </testcase>
    <testcase classname="Basic Input/Output Tests Output Types literal int" name="Basic Input/Output Tests Output Types literal int" time="0.364">
    </testcase>
    <testcase classname="Basic Input/Output Tests Output Types literal bool" name="Basic Input/Output Tests Output Types literal bool" time="0.392">
    </testcase>
    <testcase classname="Basic Input/Output Tests Output Types literal string" name="Basic Input/Output Tests Output Types literal string" time="1.341">
    </testcase>
    <testcase classname="Clients Tests should work with a sync client" name="Clients Tests should work with a sync client" time="0.347">
    </testcase>
    <testcase classname="Streaming Tests should support streaming without iterating" name="Streaming Tests should support streaming without iterating" time="12.494">
    </testcase>
    <testcase classname="Streaming Tests should work with nested classes" name="Streaming Tests should work with nested classes" time="1.515">
    </testcase>
    <testcase classname="Semantic Streaming Tests should support semantic streaming" name="Semantic Streaming Tests should support semantic streaming" time="6.382">
    </testcase>
  </testsuite>
  <testsuite name="Memory usage tests" errors="0" failures="0" skipped="0" timestamp="2025-07-01T15:44:03" time="75.246" tests="1">
    <testcase classname="Memory usage tests memory usage stays within limits" name="Memory usage tests memory usage stays within limits" time="74.479">
    </testcase>
  </testsuite>
</testsuites>